Build started 18/09/2014 4:42:46 PM.
     1>Project "\\student-home-f.its.deakin.edu.au\ajkent\UserData\Desktop\Adventure\Adventure\Adventure.vcxproj" on node 2 (Build target(s)).
     1>ClCompile:
         C:\Program Files (x86)\Microsoft Visual Studio 12.0\VC\bin\CL.exe /c /ZI /nologo /W3 /WX- /Od /Oy- /D WIN32 /D _DEBUG /D _CONSOLE /D _MBCS /Gm /EHsc /RTC1 /MDd /GS /fp:precise /Zc:wchar_t /Zc:forScope /Fo"Debug\\" /Fd"Debug\vc120.pdb" /Gd /TP /analyze- /errorReport:prompt main.cpp
         main.cpp
     1>\\student-home-f.its.deakin.edu.au\ajkent\userdata\desktop\adventure\adventure\main.cpp(945): warning C4018: '<' : signed/unsigned mismatch
     1>\\student-home-f.its.deakin.edu.au\ajkent\userdata\desktop\adventure\adventure\main.cpp(980): warning C4244: '+=' : conversion from 'double' to 'int', possible loss of data
     1>\\student-home-f.its.deakin.edu.au\ajkent\userdata\desktop\adventure\adventure\main.cpp(1383): warning C4018: '<' : signed/unsigned mismatch
     1>\\student-home-f.its.deakin.edu.au\ajkent\userdata\desktop\adventure\adventure\main.cpp(1394): warning C4018: '<' : signed/unsigned mismatch
     1>\\student-home-f.its.deakin.edu.au\ajkent\userdata\desktop\adventure\adventure\main.cpp(1526): warning C4018: '<' : signed/unsigned mismatch
     1>\\student-home-f.its.deakin.edu.au\ajkent\userdata\desktop\adventure\adventure\main.cpp(1683): warning C4018: '<' : signed/unsigned mismatch
       Link:
         C:\Program Files (x86)\Microsoft Visual Studio 12.0\VC\bin\link.exe /ERRORREPORT:PROMPT /OUT:"\\student-home-f.its.deakin.edu.au\ajkent\UserData\Desktop\Adventure\Debug\Adventure.exe" /INCREMENTAL /NOLOGO AdventureNet_d.lib kernel32.lib user32.lib gdi32.lib winspool.lib comdlg32.lib advapi32.lib shell32.lib ole32.lib oleaut32.lib uuid.lib odbc32.lib odbccp32.lib /MANIFEST /MANIFESTUAC:"level='asInvoker' uiAccess='false'" /manifest:embed /DEBUG /PDB:"\\student-home-f.its.deakin.edu.au\ajkent\UserData\Desktop\Adventure\Debug\Adventure.pdb" /SUBSYSTEM:CONSOLE /TLBID:1 /DYNAMICBASE /NXCOMPAT /IMPLIB:"\\student-home-f.its.deakin.edu.au\ajkent\UserData\Desktop\Adventure\Debug\Adventure.lib" /MACHINE:X86 Debug\Character.obj
         Debug\NPC.obj
         Debug\Interface.obj
         Debug\Item.obj
         Debug\main.obj
         Debug\Map.obj
         Debug\Objects.obj
         Debug\Trigger.obj
         Debug\Waypoint.obj
         Debug\Window.obj
         Adventure.vcxproj -> \\student-home-f.its.deakin.edu.au\ajkent\UserData\Desktop\Adventure\Debug\Adventure.exe
       PostBuildEvent:
         xcopy /y \\student-home-f.its.deakin.edu.au\ajkent\UserData\Desktop\Adventure\Maps\*.dat \\student-home-f.its.deakin.edu.au\ajkent\UserData\Desktop\Adventure\Debug\Maps\
         :VCEnd
         \\student-home-f.its.deakin.edu.au\ajkent\UserData\Desktop\Adventure\Maps\battle.dat
         \\student-home-f.its.deakin.edu.au\ajkent\UserData\Desktop\Adventure\Maps\map000.dat
         \\student-home-f.its.deakin.edu.au\ajkent\UserData\Desktop\Adventure\Maps\map001.dat
         \\student-home-f.its.deakin.edu.au\ajkent\UserData\Desktop\Adventure\Maps\map002.dat
         \\student-home-f.its.deakin.edu.au\ajkent\UserData\Desktop\Adventure\Maps\map003.dat
         \\student-home-f.its.deakin.edu.au\ajkent\UserData\Desktop\Adventure\Maps\map004.dat
         \\student-home-f.its.deakin.edu.au\ajkent\UserData\Desktop\Adventure\Maps\map005.dat
         \\student-home-f.its.deakin.edu.au\ajkent\UserData\Desktop\Adventure\Maps\map010.dat
         \\student-home-f.its.deakin.edu.au\ajkent\UserData\Desktop\Adventure\Maps\map011.dat
         \\student-home-f.its.deakin.edu.au\ajkent\UserData\Desktop\Adventure\Maps\map012.dat
         \\student-home-f.its.deakin.edu.au\ajkent\UserData\Desktop\Adventure\Maps\map013.dat
         \\student-home-f.its.deakin.edu.au\ajkent\UserData\Desktop\Adventure\Maps\map014.dat
         \\student-home-f.its.deakin.edu.au\ajkent\UserData\Desktop\Adventure\Maps\map015.dat
         \\student-home-f.its.deakin.edu.au\ajkent\UserData\Desktop\Adventure\Maps\map020.dat
         \\student-home-f.its.deakin.edu.au\ajkent\UserData\Desktop\Adventure\Maps\map021.dat
         \\student-home-f.its.deakin.edu.au\ajkent\UserData\Desktop\Adventure\Maps\map022.dat
         \\student-home-f.its.deakin.edu.au\ajkent\UserData\Desktop\Adventure\Maps\map023.dat
         \\student-home-f.its.deakin.edu.au\ajkent\UserData\Desktop\Adventure\Maps\map024.dat
         \\student-home-f.its.deakin.edu.au\ajkent\UserData\Desktop\Adventure\Maps\map025.dat
         \\student-home-f.its.deakin.edu.au\ajkent\UserData\Desktop\Adventure\Maps\map100.dat
         \\student-home-f.its.deakin.edu.au\ajkent\UserData\Desktop\Adventure\Maps\map101.dat
         \\student-home-f.its.deakin.edu.au\ajkent\UserData\Desktop\Adventure\Maps\map102.dat
         \\student-home-f.its.deakin.edu.au\ajkent\UserData\Desktop\Adventure\Maps\map110.dat
         \\student-home-f.its.deakin.edu.au\ajkent\UserData\Desktop\Adventure\Maps\map111.dat
         \\student-home-f.its.deakin.edu.au\ajkent\UserData\Desktop\Adventure\Maps\map112.dat
         \\student-home-f.its.deakin.edu.au\ajkent\UserData\Desktop\Adventure\Maps\map120.dat
         \\student-home-f.its.deakin.edu.au\ajkent\UserData\Desktop\Adventure\Maps\map121.dat
         \\student-home-f.its.deakin.edu.au\ajkent\UserData\Desktop\Adventure\Maps\map130.dat
         \\student-home-f.its.deakin.edu.au\ajkent\UserData\Desktop\Adventure\Maps\map131.dat
         \\student-home-f.its.deakin.edu.au\ajkent\UserData\Desktop\Adventure\Maps\map200.dat
         \\student-home-f.its.deakin.edu.au\ajkent\UserData\Desktop\Adventure\Maps\title.dat
         31 File(s) copied
     1>Done Building Project "\\student-home-f.its.deakin.edu.au\ajkent\UserData\Desktop\Adventure\Adventure\Adventure.vcxproj" (Build target(s)).

Build succeeded.

Time Elapsed 00:00:04.97
