Build started 9/24/2014 4:04:43 PM.
     1>Project "J:\CodeBase\projects\Adventure\Map Editor\Map Editor.vcxproj" on node 2 (Build target(s)).
     1>Link:
         Map Editor.vcxproj -> J:\CodeBase\projects\Adventure\Debug\Map Editor.exe
       PostBuildEvent:
         xcopy /y J:\CodeBase\projects\Adventure\Maps\*.dat J:\CodeBase\projects\Adventure\Debug\Maps\
         :VCEnd
         J:\CodeBase\projects\Adventure\Maps\battle.dat
         J:\CodeBase\projects\Adventure\Maps\map000.dat
         J:\CodeBase\projects\Adventure\Maps\map001.dat
         J:\CodeBase\projects\Adventure\Maps\map002.dat
         J:\CodeBase\projects\Adventure\Maps\map003.dat
         J:\CodeBase\projects\Adventure\Maps\map004.dat
         J:\CodeBase\projects\Adventure\Maps\map005.dat
         J:\CodeBase\projects\Adventure\Maps\map010.dat
         J:\CodeBase\projects\Adventure\Maps\map011.dat
         J:\CodeBase\projects\Adventure\Maps\map012.dat
         J:\CodeBase\projects\Adventure\Maps\map013.dat
         J:\CodeBase\projects\Adventure\Maps\map014.dat
         J:\CodeBase\projects\Adventure\Maps\map015.dat
         J:\CodeBase\projects\Adventure\Maps\map020.dat
         J:\CodeBase\projects\Adventure\Maps\map021.dat
         J:\CodeBase\projects\Adventure\Maps\map022.dat
         J:\CodeBase\projects\Adventure\Maps\map023.dat
         J:\CodeBase\projects\Adventure\Maps\map024.dat
         J:\CodeBase\projects\Adventure\Maps\map025.dat
         J:\CodeBase\projects\Adventure\Maps\map100.dat
         J:\CodeBase\projects\Adventure\Maps\map101.dat
         J:\CodeBase\projects\Adventure\Maps\map102.dat
         J:\CodeBase\projects\Adventure\Maps\map110.dat
         J:\CodeBase\projects\Adventure\Maps\map111.dat
         J:\CodeBase\projects\Adventure\Maps\map112.dat
         J:\CodeBase\projects\Adventure\Maps\map120.dat
         J:\CodeBase\projects\Adventure\Maps\map121.dat
         J:\CodeBase\projects\Adventure\Maps\map130.dat
         J:\CodeBase\projects\Adventure\Maps\map131.dat
         J:\CodeBase\projects\Adventure\Maps\map200.dat
         J:\CodeBase\projects\Adventure\Maps\title.dat
         31 File(s) copied
     1>Done Building Project "J:\CodeBase\projects\Adventure\Map Editor\Map Editor.vcxproj" (Build target(s)).

Build succeeded.

Time Elapsed 00:00:00.17
